# JRE version: OpenJDK Runtime Environment (8.0_131-b11) (build 1.8.0_131-8u131-b11-0ubuntu1.16.04.2-b11)
# Java VM: OpenJDK 64-Bit Server VM (25.131-b11 mixed mode linux-amd64 compressed oops)
Heap:
 PSYoungGen      total 1961984K, used 0K [0x0000000741800000, 0x00000007bef00000, 0x00000007c0000000)
  eden space 1867264K, 0% used [0x0000000741800000,0x0000000741800000,0x00000007b3780000)
  from space 94720K, 0% used [0x00000007b9280000,0x00000007b9280000,0x00000007bef00000)
  to   space 93184K, 0% used [0x00000007b3780000,0x00000007b3780000,0x00000007b9280000)
 ParOldGen       total 1324032K, used 709151K [0x0000000644800000, 0x0000000695500000, 0x0000000741800000)
  object space 1324032K, 53% used [0x0000000644800000,0x000000066fc87df0,0x0000000695500000)
 Metaspace       used 59182K, capacity 59981K, committed 60180K, reserved 1101824K
  class space    used 6749K, capacity 6951K, committed 7040K, reserved 1048576K
GC Heap History (10 events):
Event: 1345,594 GC heap after
Heap after GC invocations=25 (full 3):
 PSYoungGen      total 1939456K, used 128K [0x0000000741800000, 0x00000007bf180000, 0x00000007c0000000)
  eden space 1820160K, 0% used [0x0000000741800000,0x0000000741800000,0x00000007b0980000)
  from space 119296K, 0% used [0x00000007b7d00000,0x00000007b7d20000,0x00000007bf180000)
  to   space 118272K, 0% used [0x00000007b0980000,0x00000007b0980000,0x00000007b7d00000)
 ParOldGen       total 1064448K, used 444159K [0x0000000644800000, 0x0000000685780000, 0x0000000741800000)
  object space 1064448K, 41% used [0x0000000644800000,0x000000065f9bfc48,0x0000000685780000)
 Metaspace       used 58481K, capacity 59285K, committed 59412K, reserved 1101824K
  class space    used 6723K, capacity 6931K, committed 7040K, reserved 1048576K
}
Event: 1369,612 GC heap before
{Heap before GC invocations=26 (full 3):
 PSYoungGen      total 1939456K, used 1820288K [0x0000000741800000, 0x00000007bf180000, 0x00000007c0000000)
  eden space 1820160K, 100% used [0x0000000741800000,0x00000007b0980000,0x00000007b0980000)
  from space 119296K, 0% used [0x00000007b7d00000,0x00000007b7d20000,0x00000007bf180000)
  to   space 118272K, 0% used [0x00000007b0980000,0x00000007b0980000,0x00000007b7d00000)
 ParOldGen       total 1064448K, used 444159K [0x0000000644800000, 0x0000000685780000, 0x0000000741800000)
  object space 1064448K, 41% used [0x0000000644800000,0x000000065f9bfc48,0x0000000685780000)
 Metaspace       used 58788K, capacity 59537K, committed 59668K, reserved 1101824K
  class space    used 6735K, capacity 6941K, committed 7040K, reserved 1048576K
Event: 1370,209 GC heap after
Heap after GC invocations=26 (full 3):
 PSYoungGen      total 1938432K, used 10040K [0x0000000741800000, 0x00000007bf200000, 0x00000007c0000000)
  eden space 1820160K, 0% used [0x0000000741800000,0x0000000741800000,0x00000007b0980000)
  from space 118272K, 8% used [0x00000007b0980000,0x00000007b134e018,0x00000007b7d00000)
  to   space 111616K, 0% used [0x00000007b8500000,0x00000007b8500000,0x00000007bf200000)
 ParOldGen       total 1064448K, used 573831K [0x0000000644800000, 0x0000000685780000, 0x0000000741800000)
  object space 1064448K, 53% used [0x0000000644800000,0x0000000667861c58,0x0000000685780000)
 Metaspace       used 58788K, capacity 59537K, committed 59668K, reserved 1101824K
  class space    used 6735K, capacity 6941K, committed 7040K, reserved 1048576K
}
Event: 1371,172 GC heap before
{Heap before GC invocations=27 (full 3):
 PSYoungGen      total 1938432K, used 1830200K [0x0000000741800000, 0x00000007bf200000, 0x00000007c0000000)
  eden space 1820160K, 100% used [0x0000000741800000,0x00000007b0980000,0x00000007b0980000)
  from space 118272K, 8% used [0x00000007b0980000,0x00000007b134e018,0x00000007b7d00000)
  to   space 111616K, 0% used [0x00000007b8500000,0x00000007b8500000,0x00000007bf200000)
 ParOldGen       total 1064448K, used 573831K [0x0000000644800000, 0x0000000685780000, 0x0000000741800000)
  object space 1064448K, 53% used [0x0000000644800000,0x0000000667861c58,0x0000000685780000)
 Metaspace       used 58788K, capacity 59537K, committed 59668K, reserved 1101824K
  class space    used 6735K, capacity 6941K, committed 7040K, reserved 1048576K
Event: 1373,068 GC heap after
Heap after GC invocations=27 (full 3):
 PSYoungGen      total 1947648K, used 10022K [0x0000000741800000, 0x00000007bec80000, 0x00000007c0000000)
  eden space 1841664K, 0% used [0x0000000741800000,0x0000000741800000,0x00000007b1e80000)
  from space 105984K, 9% used [0x00000007b8500000,0x00000007b8ec9a08,0x00000007bec80000)
  to   space 104960K, 0% used [0x00000007b1e80000,0x00000007b1e80000,0x00000007b8500000)
 ParOldGen       total 1064448K, used 833159K [0x0000000644800000, 0x0000000685780000, 0x0000000741800000)
  object space 1064448K, 78% used [0x0000000644800000,0x00000006775a1c68,0x0000000685780000)
 Metaspace       used 58788K, capacity 59537K, committed 59668K, reserved 1101824K
  class space    used 6735K, capacity 6941K, committed 7040K, reserved 1048576K
}
Event: 1378,066 GC heap before
{Heap before GC invocations=28 (full 3):
 PSYoungGen      total 1947648K, used 1851686K [0x0000000741800000, 0x00000007bec80000, 0x00000007c0000000)
  eden space 1841664K, 100% used [0x0000000741800000,0x00000007b1e80000,0x00000007b1e80000)
  from space 105984K, 9% used [0x00000007b8500000,0x00000007b8ec9a08,0x00000007bec80000)
  to   space 104960K, 0% used [0x00000007b1e80000,0x00000007b1e80000,0x00000007b8500000)
 ParOldGen       total 1064448K, used 833159K [0x0000000644800000, 0x0000000685780000, 0x0000000741800000)
  object space 1064448K, 78% used [0x0000000644800000,0x00000006775a1c68,0x0000000685780000)
 Metaspace       used 59182K, capacity 59981K, committed 60180K, reserved 1101824K
  class space    used 6749K, capacity 6951K, committed 7040K, reserved 1048576K
Event: 1378,136 GC heap after
Heap after GC invocations=28 (full 3):
 PSYoungGen      total 1946624K, used 26812K [0x0000000741800000, 0x00000007bf300000, 0x00000007c0000000)
  eden space 1841664K, 0% used [0x0000000741800000,0x0000000741800000,0x00000007b1e80000)
  from space 104960K, 25% used [0x00000007b1e80000,0x00000007b38af358,0x00000007b8500000)
  to   space 98816K, 0% used [0x00000007b9280000,0x00000007b9280000,0x00000007bf300000)
 ParOldGen       total 1064448K, used 833175K [0x0000000644800000, 0x0000000685780000, 0x0000000741800000)
  object space 1064448K, 78% used [0x0000000644800000,0x00000006775a5c68,0x0000000685780000)
 Metaspace       used 59182K, capacity 59981K, committed 60180K, reserved 1101824K
  class space    used 6749K, capacity 6951K, committed 7040K, reserved 1048576K
}
Event: 1378,817 GC heap before
{Heap before GC invocations=29 (full 3):
 PSYoungGen      total 1946624K, used 1868476K [0x0000000741800000, 0x00000007bf300000, 0x00000007c0000000)
  eden space 1841664K, 100% used [0x0000000741800000,0x00000007b1e80000,0x00000007b1e80000)
  from space 104960K, 25% used [0x00000007b1e80000,0x00000007b38af358,0x00000007b8500000)
  to   space 98816K, 0% used [0x00000007b9280000,0x00000007b9280000,0x00000007bf300000)
 ParOldGen       total 1064448K, used 833175K [0x0000000644800000, 0x0000000685780000, 0x0000000741800000)
  object space 1064448K, 78% used [0x0000000644800000,0x00000006775a5c68,0x0000000685780000)
 Metaspace       used 59182K, capacity 59981K, committed 60180K, reserved 1101824K
  class space    used 6749K, capacity 6951K, committed 7040K, reserved 1048576K
Event: 1380,542 GC heap after
Heap after GC invocations=29 (full 3):
 PSYoungGen      total 1961984K, used 9548K [0x0000000741800000, 0x00000007bef00000, 0x00000007c0000000)
  eden space 1867264K, 0% used [0x0000000741800000,0x0000000741800000,0x00000007b3780000)
  from space 94720K, 10% used [0x00000007b9280000,0x00000007b9bd3148,0x00000007bef00000)
  to   space 93184K, 0% used [0x00000007b3780000,0x00000007b3780000,0x00000007b9280000)
 ParOldGen       total 1324032K, used 1093127K [0x0000000644800000, 0x0000000695500000, 0x0000000741800000)
  object space 1324032K, 82% used [0x0000000644800000,0x0000000687381cf8,0x0000000695500000)
 Metaspace       used 59182K, capacity 59981K, committed 60180K, reserved 1101824K
  class space    used 6749K, capacity 6951K, committed 7040K, reserved 1048576K
}
Event: 1380,543 GC heap before
{Heap before GC invocations=30 (full 4):
 PSYoungGen      total 1961984K, used 9548K [0x0000000741800000, 0x00000007bef00000, 0x00000007c0000000)
  eden space 1867264K, 0% used [0x0000000741800000,0x0000000741800000,0x00000007b3780000)
  from space 94720K, 10% used [0x00000007b9280000,0x00000007b9bd3148,0x00000007bef00000)
  to   space 93184K, 0% used [0x00000007b3780000,0x00000007b3780000,0x00000007b9280000)
 ParOldGen       total 1324032K, used 1093127K [0x0000000644800000, 0x0000000695500000, 0x0000000741800000)
  object space 1324032K, 82% used [0x0000000644800000,0x0000000687381cf8,0x0000000695500000)
 Metaspace       used 59182K, capacity 59981K, committed 60180K, reserved 1101824K
  class space    used 6749K, capacity 6951K, committed 7040K, reserved 1048576K

